Android Project/launcher/build/intermediates/manifest_merge_blame_file/debug/manifest-merger-blame-debug-report.txt
1<?xml version="1.0" encoding="utf-8"?>
2<!-- GENERATED BY UNITY. REMOVE THIS COMMENT TO PREVENT OVERWRITING WHEN EXPORTING AGAIN -->
3<manifest xmlns:android="http://schemas.android.com/apk/res/android"
4    package="com.Escargot.SeawaySaga"
5    android:installLocation="preferExternal"
6    android:versionCode="1"
7    android:versionName="1.0" >
8
9    <uses-sdk
10        android:minSdkVersion="19"
10-->src\main\AndroidManifest.xml
11        android:targetSdkVersion="29" />
11-->src\main\AndroidManifest.xml
12
13    <supports-screens
13-->src\main\AndroidManifest.xml:4:3-163
14        android:anyDensity="true"
14-->src\main\AndroidManifest.xml:4:135-160
15        android:largeScreens="true"
15-->src\main\AndroidManifest.xml:4:78-105
16        android:normalScreens="true"
16-->src\main\AndroidManifest.xml:4:49-77
17        android:smallScreens="true"
17-->src\main\AndroidManifest.xml:4:21-48
18        android:xlargeScreens="true" />
18-->src\main\AndroidManifest.xml:4:106-134
19
20    <uses-feature android:glEsVersion="0x00020000" />
20-->[:unityLibrary] AndroidManifest.xml:19:5-54
20-->[:unityLibrary] AndroidManifest.xml:19:19-51
21
22    <uses-permission android:name="android.permission.INTERNET" />
22-->[:unityLibrary] AndroidManifest.xml:21:5-67
22-->[:unityLibrary] AndroidManifest.xml:21:22-64
23    <uses-permission
23-->[:unityLibrary] AndroidManifest.xml:22:5-24:38
24        android:name="android.permission.WRITE_EXTERNAL_STORAGE"
24-->[:unityLibrary] AndroidManifest.xml:23:9-65
25        android:maxSdkVersion="18" />
25-->[:unityLibrary] AndroidManifest.xml:24:9-35
26
27    <uses-feature
27-->[:unityLibrary] AndroidManifest.xml:26:5-28:36
28        android:name="android.hardware.touchscreen"
28-->[:unityLibrary] AndroidManifest.xml:27:9-52
29        android:required="false" />
29-->[:unityLibrary] AndroidManifest.xml:28:9-33
30    <uses-feature
30-->[:unityLibrary] AndroidManifest.xml:29:5-31:36
31        android:name="android.hardware.touchscreen.multitouch"
31-->[:unityLibrary] AndroidManifest.xml:30:9-63
32        android:required="false" />
32-->[:unityLibrary] AndroidManifest.xml:31:9-33
33    <uses-feature
33-->[:unityLibrary] AndroidManifest.xml:32:5-34:36
34        android:name="android.hardware.touchscreen.multitouch.distinct"
34-->[:unityLibrary] AndroidManifest.xml:33:9-72
35        android:required="false" />
35-->[:unityLibrary] AndroidManifest.xml:34:9-33
36
37    <uses-permission android:name="com.android.vending.BILLING" />
37-->[:billing-3.0.3:] AndroidManifest.xml:10:5-67
37-->[:billing-3.0.3:] AndroidManifest.xml:10:22-64
38    <uses-permission android:name="android.permission.ACCESS_NETWORK_STATE" />
38-->[:UnityAds:] AndroidManifest.xml:11:5-79
38-->[:UnityAds:] AndroidManifest.xml:11:22-76
39
40    <application
40-->src\main\AndroidManifest.xml:5:3-197
41        android:banner="@drawable/app_banner"
41-->src\main\AndroidManifest.xml:5:114-151
42        android:debuggable="true"
42-->[:unityLibrary] AndroidManifest.xml:38:9-34
43        android:extractNativeLibs="true"
43-->src\main\AndroidManifest.xml:5:16-48
44        android:icon="@mipmap/app_icon"
44-->src\main\AndroidManifest.xml:5:82-113
45        android:isGame="true"
45-->[:unityLibrary] AndroidManifest.xml:40:9-30
46        android:label="@string/app_name"
46-->src\main\AndroidManifest.xml:5:49-81
47        android:roundIcon="@mipmap/app_icon_round"
47-->src\main\AndroidManifest.xml:5:152-194
48        android:testOnly="true"
49        android:theme="@style/UnityThemeSelector" >
49-->[:unityLibrary] AndroidManifest.xml:42:9-50
50        <activity
50-->[:unityLibrary] AndroidManifest.xml:43:9-60:20
51            android:name="com.unity3d.player.UnityPlayerActivity"
51-->[:unityLibrary] AndroidManifest.xml:44:13-66
52            android:configChanges="mcc|mnc|locale|touchscreen|keyboard|keyboardHidden|navigation|orientation|screenLayout|uiMode|screenSize|smallestScreenSize|fontScale|layoutDirection|density"
52-->[:unityLibrary] AndroidManifest.xml:45:13-194
53            android:hardwareAccelerated="false"
53-->[:unityLibrary] AndroidManifest.xml:46:13-48
54            android:label="@string/app_name"
54-->[:unityLibrary] AndroidManifest.xml:47:13-45
55            android:launchMode="singleTask"
55-->[:unityLibrary] AndroidManifest.xml:48:13-44
56            android:screenOrientation="landscape" >
56-->[:unityLibrary] AndroidManifest.xml:49:13-50
57            <intent-filter>
57-->[:unityLibrary] AndroidManifest.xml:50:13-55:29
58                <action android:name="android.intent.action.MAIN" />
58-->[:unityLibrary] AndroidManifest.xml:51:17-69
58-->[:unityLibrary] AndroidManifest.xml:51:25-66
59
60                <category android:name="android.intent.category.LAUNCHER" />
60-->[:unityLibrary] AndroidManifest.xml:53:17-77
60-->[:unityLibrary] AndroidManifest.xml:53:27-74
61                <category android:name="android.intent.category.LEANBACK_LAUNCHER" />
61-->[:unityLibrary] AndroidManifest.xml:54:17-86
61-->[:unityLibrary] AndroidManifest.xml:54:27-83
62            </intent-filter>
63
64            <meta-data
64-->[:unityLibrary] AndroidManifest.xml:57:13-59:40
65                android:name="unityplayer.UnityActivity"
65-->[:unityLibrary] AndroidManifest.xml:58:17-57
66                android:value="true" />
66-->[:unityLibrary] AndroidManifest.xml:59:17-37
67        </activity>
68
69        <meta-data
69-->[:unityLibrary] AndroidManifest.xml:62:9-64:33
70            android:name="unity.splash-mode"
70-->[:unityLibrary] AndroidManifest.xml:63:13-45
71            android:value="0" />
71-->[:unityLibrary] AndroidManifest.xml:64:13-30
72        <meta-data
72-->[:unityLibrary] AndroidManifest.xml:65:9-67:36
73            android:name="unity.splash-enable"
73-->[:unityLibrary] AndroidManifest.xml:66:13-47
74            android:value="True" />
74-->[:unityLibrary] AndroidManifest.xml:67:13-33
75        <meta-data
75-->[:unityLibrary] AndroidManifest.xml:68:9-70:68
76            android:name="unity.build-id"
76-->[:unityLibrary] AndroidManifest.xml:69:13-42
77            android:value="cc1bffb1-3e4f-46c4-a884-c8564e1d0d41" />
77-->[:unityLibrary] AndroidManifest.xml:70:13-65
78        <meta-data
78-->[:billing-3.0.3:] AndroidManifest.xml:13:9-15:37
79            android:name="com.google.android.play.billingclient.version"
79-->[:billing-3.0.3:] AndroidManifest.xml:14:13-73
80            android:value="3.0.3" />
80-->[:billing-3.0.3:] AndroidManifest.xml:15:13-34
81
82        <activity
82-->[:billing-3.0.3:] AndroidManifest.xml:17:9-21:75
83            android:name="com.android.billingclient.api.ProxyBillingActivity"
83-->[:billing-3.0.3:] AndroidManifest.xml:18:13-78
84            android:configChanges="keyboard|keyboardHidden|screenLayout|screenSize|orientation"
84-->[:billing-3.0.3:] AndroidManifest.xml:19:13-96
85            android:exported="false"
85-->[:billing-3.0.3:] AndroidManifest.xml:20:13-37
86            android:theme="@android:style/Theme.Translucent.NoTitleBar" />
86-->[:billing-3.0.3:] AndroidManifest.xml:21:13-72
87        <activity
87-->[:UnityAds:] AndroidManifest.xml:15:9-19:74
88            android:name="com.unity3d.services.ads.adunit.AdUnitActivity"
88-->[:UnityAds:] AndroidManifest.xml:16:13-74
89            android:configChanges="fontScale|keyboard|keyboardHidden|locale|mnc|mcc|navigation|orientation|screenLayout|screenSize|smallestScreenSize|uiMode|touchscreen"
89-->[:UnityAds:] AndroidManifest.xml:17:13-170
90            android:hardwareAccelerated="true"
90-->[:UnityAds:] AndroidManifest.xml:18:13-47
91            android:theme="@android:style/Theme.NoTitleBar.Fullscreen" />
91-->[:UnityAds:] AndroidManifest.xml:19:13-71
92        <activity
92-->[:UnityAds:] AndroidManifest.xml:20:9-24:86
93            android:name="com.unity3d.services.ads.adunit.AdUnitTransparentActivity"
93-->[:UnityAds:] AndroidManifest.xml:21:13-85
94            android:configChanges="fontScale|keyboard|keyboardHidden|locale|mnc|mcc|navigation|orientation|screenLayout|screenSize|smallestScreenSize|uiMode|touchscreen"
94-->[:UnityAds:] AndroidManifest.xml:22:13-170
95            android:hardwareAccelerated="true"
95-->[:UnityAds:] AndroidManifest.xml:23:13-47
96            android:theme="@android:style/Theme.Translucent.NoTitleBar.Fullscreen" />
96-->[:UnityAds:] AndroidManifest.xml:24:13-83
97        <activity
97-->[:UnityAds:] AndroidManifest.xml:25:9-29:86
98            android:name="com.unity3d.services.ads.adunit.AdUnitTransparentSoftwareActivity"
98-->[:UnityAds:] AndroidManifest.xml:26:13-93
99            android:configChanges="fontScale|keyboard|keyboardHidden|locale|mnc|mcc|navigation|orientation|screenLayout|screenSize|smallestScreenSize|uiMode|touchscreen"
99-->[:UnityAds:] AndroidManifest.xml:27:13-170
100            android:hardwareAccelerated="false"
100-->[:UnityAds:] AndroidManifest.xml:28:13-48
101            android:theme="@android:style/Theme.Translucent.NoTitleBar.Fullscreen" />
101-->[:UnityAds:] AndroidManifest.xml:29:13-83
102        <activity
102-->[:UnityAds:] AndroidManifest.xml:30:9-34:74
103            android:name="com.unity3d.services.ads.adunit.AdUnitSoftwareActivity"
103-->[:UnityAds:] AndroidManifest.xml:31:13-82
104            android:configChanges="fontScale|keyboard|keyboardHidden|locale|mnc|mcc|navigation|orientation|screenLayout|screenSize|smallestScreenSize|uiMode|touchscreen"
104-->[:UnityAds:] AndroidManifest.xml:32:13-170
105            android:hardwareAccelerated="false"
105-->[:UnityAds:] AndroidManifest.xml:33:13-48
106            android:theme="@android:style/Theme.NoTitleBar.Fullscreen" />
106-->[:UnityAds:] AndroidManifest.xml:34:13-71
107    </application>
108
109</manifest>